<?xml version="1.0" encoding="UTF-8"?>
<!-- Generated by org.testng.reporters.JUnitReportReporter -->
<testsuite hostname="DESKTOP-NVDDM65" failures="0" tests="1" name="pkg_UserTestCases.TC_LogIn_002" time="19.820" errors="0" timestamp="2021-03-09T17:02:33 IST" skipped="0">
  <testcase classname="pkg_UserTestCases.TC_LogIn_002" name="logInTest" time="19.820"/>
  <system-out/>
</testsuite> <!-- pkg_UserTestCases.TC_LogIn_002 -->
