<?xml version="1.0" encoding="UTF-8"?>
<!-- Generated by org.testng.reporters.JUnitReportReporter -->
<testsuite hostname="DESKTOP-NVDDM65" failures="0" tests="1" name="pkg_UserTestCases.TC_Register_001" time="4.686" errors="0" timestamp="2021-03-09T16:22:12 IST" skipped="0">
  <testcase classname="pkg_UserTestCases.TC_Register_001" name="register" time="4.686"/>
  <system-out/>
</testsuite> <!-- pkg_UserTestCases.TC_Register_001 -->
